Unity Editor version:    2020.3.40f1 (ba48d4efcef1)
Branch:                  2020.3/staging
Build type:              Release
Batch mode:              YES
macOS version:           Version 12.3 (Build 21E230)
Darwin version:          21.4.0
Architecture:            x86_64
Running under Rosetta:   YES
Available memory:        65536 MB
Using pre-set license
Pro License: NO

COMMAND LINE ARGUMENTS:
/Applications/Unity/Hub/Editor/2020.3.40f1/Unity.app/Contents/MacOS/Unity
-adb2
-batchMode
-noUpm
-name
AssetImportWorker0
-projectPath
/Users/jcohen11/Downloads/EscapeRoom copy
-logFile
Logs/AssetImportWorker0.log
-srvPort
55253
Successfully changed project path to: /Users/jcohen11/Downloads/EscapeRoom copy
/Users/jcohen11/Downloads/EscapeRoom copy
Using Asset Import Pipeline V2.
Refreshing native plugins compatible for Editor in 66.18 ms, found 3 plugins.
Preloading 1 native plugins for Editor in 5.44 ms.
Initialize engine version: 2020.3.40f1 (ba48d4efcef1)
[Subsystems] Discovering subsystems at path /Applications/Unity/Hub/Editor/2020.3.40f1/Unity.app/Contents/Resources/UnitySubsystems
[Subsystems] Discovering subsystems at path /Users/jcohen11/Downloads/EscapeRoom copy/Assets
GfxDevice: creating device client; threaded=0
2022-10-04 16:08:24.158 Unity[57919:2596833] (null) preferred device: Apple M1 Max (high power)
2022-10-04 16:08:24.158 Unity[57919:2596833] Metal devices available: 1
2022-10-04 16:08:24.158 Unity[57919:2596833] 0: Apple M1 Max (high power)
2022-10-04 16:08:24.158 Unity[57919:2596833] Using device Apple M1 Max (high power)
Initializing Metal device caps: Apple M1 Max
Initialize mono
Mono path[0] = '/Applications/Unity/Hub/Editor/2020.3.40f1/Unity.app/Contents/Managed'
Mono path[1] = '/Applications/Unity/Hub/Editor/2020.3.40f1/Unity.app/Contents/MonoBleedingEdge/lib/mono/unityjit'
Mono config path = '/Applications/Unity/Hub/Editor/2020.3.40f1/Unity.app/Contents/MonoBleedingEdge/etc'
Using monoOptions --debugger-agent=transport=dt_socket,embedding=1,server=y,suspend=n,address=127.0.0.1:56919
Begin MonoManager ReloadAssembly
Registering precompiled unity dll's ...
Register platform support module: /Applications/Unity/Hub/Editor/2020.3.40f1/Unity.app/Contents/PlaybackEngines/MacStandaloneSupport/UnityEditor.OSXStandalone.Extensions.dll
Registered in 0.000309 seconds.
Native extension for OSXStandalone target not found
Refreshing native plugins compatible for Editor in 73.27 ms, found 3 plugins.
Preloading 1 native plugins for Editor in 0.33 ms.
Mono: successfully reloaded assembly
- Completed reload, in  1.199 seconds
Domain Reload Profiling:
	ReloadAssembly (1199ms)
		BeginReloadAssembly (69ms)
			ExecutionOrderSort (0ms)
			DisableScriptedObjects (0ms)
			BackupInstance (0ms)
			ReleaseScriptingObjects (0ms)
			CreateAndSetChildDomain (2ms)
		EndReloadAssembly (1019ms)
			LoadAssemblies (66ms)
			RebuildTransferFunctionScriptingTraits (0ms)
			SetupTypeCache (181ms)
			ReleaseScriptCaches (0ms)
			RebuildScriptCaches (42ms)
			SetupLoadedEditorAssemblies (510ms)
				LogAssemblyErrors (0ms)
				InitializePlatformSupportModulesInManaged (11ms)
				SetLoadedEditorAssemblies (0ms)
				RefreshPlugins (74ms)
				BeforeProcessingInitializeOnLoad (22ms)
				ProcessInitializeOnLoadAttributes (302ms)
				ProcessInitializeOnLoadMethodAttributes (99ms)
				AfterProcessingInitializeOnLoad (0ms)
				EditorAssembliesLoaded (1ms)
			ExecutionOrderSort2 (0ms)
			AwakeInstancesAfterBackupRestoration (0ms)
Platform modules already initialized, skipping
Registering precompiled user dll's ...
Registered in 0.002028 seconds.
Begin MonoManager ReloadAssembly
Native extension for OSXStandalone target not found
Refreshing native plugins compatible for Editor in 75.60 ms, found 3 plugins.
Preloading 1 native plugins for Editor in 0.35 ms.
Mono: successfully reloaded assembly
- Completed reload, in  2.278 seconds
Domain Reload Profiling:
	ReloadAssembly (2280ms)
		BeginReloadAssembly (240ms)
			ExecutionOrderSort (0ms)
			DisableScriptedObjects (32ms)
			BackupInstance (0ms)
			ReleaseScriptingObjects (0ms)
			CreateAndSetChildDomain (32ms)
		EndReloadAssembly (1946ms)
			LoadAssemblies (159ms)
			RebuildTransferFunctionScriptingTraits (0ms)
			SetupTypeCache (422ms)
			ReleaseScriptCaches (1ms)
			RebuildScriptCaches (86ms)
			SetupLoadedEditorAssemblies (990ms)
				LogAssemblyErrors (0ms)
				InitializePlatformSupportModulesInManaged (11ms)
				SetLoadedEditorAssemblies (1ms)
				RefreshPlugins (76ms)
				BeforeProcessingInitializeOnLoad (137ms)
				ProcessInitializeOnLoadAttributes (705ms)
				ProcessInitializeOnLoadMethodAttributes (59ms)
				AfterProcessingInitializeOnLoad (1ms)
				EditorAssembliesLoaded (0ms)
			ExecutionOrderSort2 (0ms)
			AwakeInstancesAfterBackupRestoration (4ms)
Platform modules already initialized, skipping
Validating Project structure ... 0.008055 seconds.
Shader import version has changed; will reimport all shaders...
Upgrading shader files ...0.009702 seconds.
Application.AssetDatabase Initial Script Refresh Start
RefreshInfo: InitialScriptRefreshV2(NoUpdateAssetOptions) scanfilter:  ... 1 filters
RefreshProfiler: Total: 0.000ms
Application.AssetDatabase Initial Script Refresh End
Application.AssetDatabase.Refresh Start
Application.AssetDatabase.Refresh End
RefreshInfo: StopAssetImportingV2(ForceSynchronousImport) scanfilter: 
RefreshProfiler: Total: 0.000ms
Launching external process: /Applications/Unity/Hub/Editor/2020.3.40f1/Unity.app/Contents/Tools/UnityShaderCompiler
Launched and connected shader compiler UnityShaderCompiler after 0.02 seconds
Initializing Unity extensions:
[C# Project] Writing /Users/jcohen11/Downloads/EscapeRoom copy/EscapeRoom copy.sln because it has changed
[C# Project] First difference on line 4

[C# Project] Current /Users/jcohen11/Downloads/EscapeRoom copy/EscapeRoom copy.sln:
[C# Project]   004: Project("{FAE04EC0-301F-11D3-BF4B-00C04F79EFBC}") = "Assembly-CSharp", "Assembly-CSharp.csproj", "{31554FF8-D905-11E4-1B15-65B415D3A7F7}"
[C# Project]   005: EndProject
[C# Project]   006: Project("{FAE04EC0-301F-11D3-BF4B-00C04F79EFBC}") = "Assembly-CSharp-Editor", "Assembly-CSharp-Editor.csproj", "{225CF8C0-38BA-EC42-2843-9DD2BD799033}"
[C# Project]   007: EndProject
[C# Project]   008: Global

[C# Project] New /Users/jcohen11/Downloads/EscapeRoom copy/EscapeRoom copy.sln:
[C# Project]   004: Project("{FAE04EC0-301F-11D3-BF4B-00C04F79EFBC}") = "UnityEngine.UI", "UnityEngine.UI.csproj", "{12AF2795-4109-9F55-3816-82380186D110}"
[C# Project]   005: EndProject
[C# Project]   006: Project("{FAE04EC0-301F-11D3-BF4B-00C04F79EFBC}") = "Unity.RenderPipelines.Core.Runtime", "Unity.RenderPipelines.Core.Runtime.csproj", "{20C85EA7-012C-B11B-05A1-2BF00FE053E7}"
[C# Project]   007: EndProject
[C# Project]   008: Project("{FAE04EC0-301F-11D3-BF4B-00C04F79EFBC}") = "UnityEngine.TestRunner", "UnityEngine.TestRunner.csproj", "{3F98C813-7746-703C-CF06-99DD79DB7766}"
[C# Project] Writing /Users/jcohen11/Downloads/EscapeRoom copy/Assembly-CSharp.csproj because it has changed
[C# Project] First difference on line 27

[C# Project] Current /Users/jcohen11/Downloads/EscapeRoom copy/Assembly-CSharp.csproj:
[C# Project]   027:     <DefineConstants>DEBUG;TRACE;UNITY_2020_3_40;UNITY_2020_3;UNITY_2020;UNITY_5_3_OR_NEWER;UNITY_5_4_OR_NEWER;UNITY_5_5_OR_NEWER;UNITY_5_6_OR_NEWER;UNITY_2017_1_OR_NEWER;UNITY_2017_2_OR_NEWER;UNITY_2017_3_OR_NEWER;UNITY_2017_4_OR_NEWER;UNITY_2018_1_OR_NEWER;UNITY_2018_2_OR_NEWER;UNITY_2018_3_OR_NEWER;UNITY_2018_4_OR_NEWER;UNITY_2019_1_OR_NEWER;UNITY_2019_2_OR_NEWER;UNITY_2019_3_OR_NEWER;UNITY_2019_4_OR_NEWER;UNITY_2020_1_OR_NEWER;UNITY_2020_2_OR_NEWER;UNITY_2020_3_OR_NEWER;UNITY_INCLUDE_TESTS;USE_SEARCH_ENGINE_API;SCENE_TEMPLATE_MODULE;ENABLE_AR;ENABLE_AUDIO;ENABLE_CACHING;ENABLE_CLOTH;ENABLE_EVENT_QUEUE;ENABLE_MICROPHONE;ENABLE_MULTIPLE_DISPLAYS;ENABLE_PHYSICS;ENABLE_TEXTURE_STREAMING;ENABLE_UNET;ENABLE_LZMA;ENABLE_UNITYEVENTS;ENABLE_VR;ENABLE_WEBCAM;ENABLE_UNITYWEBREQUEST;ENABLE_WWW;ENABLE_CLOUD_SERVICES;ENABLE_CLOUD_SERVICES_COLLAB;ENABLE_CLOUD_SERVICES_COLLAB_SOFTLOCKS;ENABLE_CLOUD_SERVICES_ADS;ENABLE_CLOUD_SERVICES_USE_WEBREQUEST;ENABLE_CLOUD_SERVICES_CRASH_REPORTING;ENABLE_CLOUD_SERVICES_NATIVE_CRASH_REPORTING;ENABLE_CLOUD_SERVICES_PURCHASING;ENABLE_CLOUD_SERVICES_ANALYTICS;ENABLE_CLOUD_SERVICES_UNET;ENABLE_CLOUD_SERVICES_BUILD;ENABLE_CLOUD_LICENSE;ENABLE_EDITOR_HUB_LICENSE;ENABLE_WEBSOCKET_CLIENT;ENABLE_DIRECTOR_AUDIO;ENABLE_DIRECTOR_TEXTURE;ENABLE_MANAGED_JOBS;ENABLE_MANAGED_TRANSFORM_JOBS;ENABLE_MANAGED_ANIMATION_JOBS;ENABLE_MANAGED_AUDIO_JOBS;ENABLE_RUNTIME_PERMISSIONS;ENABLE_ENGINE_CODE_STRIPPING;ENABLE_ONSCREEN_KEYBOARD;ENABLE_MANAGED_UNITYTLS;INCLUDE_DYNAMIC_GI;ENABLE_MONO_BDWGC;ENABLE_SCRIPTING_GC_WBARRIERS;PLATFORM_SUPPORTS_MONO;ENABLE_VIDEO;PLATFORM_ANDROID;UNITY_ANDROID;UNITY_ANDROID_API;ENABLE_EGL;ENABLE_NETWORK;ENABLE_RUNTIME_GI;ENABLE_CRUNCH_TEXTURE_COMPRESSION;UNITY_CAN_SHOW_SPLASH_SCREEN;UNITY_HAS_GOOGLEVR;UNITY_HAS_TANGO;ENABLE_SPATIALTRACKING;PLATFORM_EXTENDS_VULKAN_DEVICE;PLATFORM_HAS_MULTIPLE_SWAPCHAINS;UNITY_ANDROID_SUPPORTS_SHADOWFILES;ENABLE_UNITYADS_RUNTIME;UNITY_UNITYADS_API;ENABLE_MONO;NET_4_6;ENABLE_PROFILER;UNITY_ASSERTIONS;UNITY_EDITOR;UNITY_EDITOR_64;UNITY_EDITOR_OSX;ENABLE_UNITY_COLLECTIONS_CHECKS;ENABLE_BURST_AOT;UNITY_TEAM_LICENSE;ENABLE_CUSTOM_RENDER_TEXTURE;ENABLE_DIRECTOR;ENABLE_LOCALIZATION;ENABLE_SPRITES;ENABLE_TERRAIN;ENABLE_TILEMAP;ENABLE_TIMELINE;ENABLE_LEGACY_INPUT_MANAGER;CSHARP_7_OR_LATER;CSHARP_7_3_OR_NEWER</DefineConstants>
[C# Project]   028:     <ErrorReport>prompt</ErrorReport>
[C# Project]   029:     <WarningLevel>4</WarningLevel>
[C# Project]   030:     <NoWarn>0169</NoWarn>
[C# Project]   031:     <AllowUnsafeBlocks>False</AllowUnsafeBlocks>

[C# Project] New /Users/jcohen11/Downloads/EscapeRoom copy/Assembly-CSharp.csproj:
[C# Project]   027:     <DefineConstants>DEBUG;TRACE;UNITY_2020_3_40;UNITY_2020_3;UNITY_2020;UNITY_5_3_OR_NEWER;UNITY_5_4_OR_NEWER;UNITY_5_5_OR_NEWER;UNITY_5_6_OR_NEWER;UNITY_2017_1_OR_NEWER;UNITY_2017_2_OR_NEWER;UNITY_2017_3_OR_NEWER;UNITY_2017_4_OR_NEWER;UNITY_2018_1_OR_NEWER;UNITY_2018_2_OR_NEWER;UNITY_2018_3_OR_NEWER;UNITY_2018_4_OR_NEWER;UNITY_2019_1_OR_NEWER;UNITY_2019_2_OR_NEWER;UNITY_2019_3_OR_NEWER;UNITY_2019_4_OR_NEWER;UNITY_2020_1_OR_NEWER;UNITY_2020_2_OR_NEWER;UNITY_2020_3_OR_NEWER;PLATFORM_ARCH_64;UNITY_64;UNITY_INCLUDE_TESTS;USE_SEARCH_ENGINE_API;SCENE_TEMPLATE_MODULE;ENABLE_AR;ENABLE_AUDIO;ENABLE_CACHING;ENABLE_CLOTH;ENABLE_MICROPHONE;ENABLE_MULTIPLE_DISPLAYS;ENABLE_PHYSICS;ENABLE_TEXTURE_STREAMING;ENABLE_VIRTUALTEXTURING;ENABLE_UNET;ENABLE_LZMA;ENABLE_UNITYEVENTS;ENABLE_VR;ENABLE_WEBCAM;ENABLE_UNITYWEBREQUEST;ENABLE_WWW;ENABLE_CLOUD_SERVICES;ENABLE_CLOUD_SERVICES_COLLAB;ENABLE_CLOUD_SERVICES_COLLAB_SOFTLOCKS;ENABLE_CLOUD_SERVICES_ADS;ENABLE_CLOUD_SERVICES_USE_WEBREQUEST;ENABLE_CLOUD_SERVICES_CRASH_REPORTING;ENABLE_CLOUD_SERVICES_NATIVE_CRASH_REPORTING;ENABLE_CLOUD_SERVICES_PURCHASING;ENABLE_CLOUD_SERVICES_ANALYTICS;ENABLE_CLOUD_SERVICES_UNET;ENABLE_CLOUD_SERVICES_BUILD;ENABLE_CLOUD_LICENSE;ENABLE_EDITOR_HUB_LICENSE;ENABLE_WEBSOCKET_CLIENT;ENABLE_DIRECTOR_AUDIO;ENABLE_DIRECTOR_TEXTURE;ENABLE_MANAGED_JOBS;ENABLE_MANAGED_TRANSFORM_JOBS;ENABLE_MANAGED_ANIMATION_JOBS;ENABLE_MANAGED_AUDIO_JOBS;ENABLE_MANAGED_UNITYTLS;INCLUDE_DYNAMIC_GI;ENABLE_MONO_BDWGC;ENABLE_SCRIPTING_GC_WBARRIERS;PLATFORM_SUPPORTS_MONO;RENDER_SOFTWARE_CURSOR;ENABLE_VIDEO;PLATFORM_STANDALONE;PLATFORM_STANDALONE_OSX;UNITY_STANDALONE_OSX;UNITY_STANDALONE;ENABLE_GAMECENTER;ENABLE_RUNTIME_GI;ENABLE_MOVIES;ENABLE_NETWORK;ENABLE_CRUNCH_TEXTURE_COMPRESSION;ENABLE_CLUSTER_SYNC;ENABLE_CLUSTERINPUT;ENABLE_SPATIALTRACKING;PLATFORM_UPDATES_TIME_OUTSIDE_OF_PLAYER_LOOP;ENABLE_WEBSOCKET_HOST;ENABLE_MONO;NET_4_6;ENABLE_PROFILER;UNITY_ASSERTIONS;UNITY_EDITOR;UNITY_EDITOR_64;UNITY_EDITOR_OSX;ENABLE_UNITY_COLLECTIONS_CHECKS;ENABLE_BURST_AOT;UNITY_TEAM_LICENSE;ENABLE_CUSTOM_RENDER_TEXTURE;ENABLE_DIRECTOR;ENABLE_LOCALIZATION;ENABLE_SPRITES;ENABLE_TERRAIN;ENABLE_TILEMAP;ENABLE_TIMELINE;ENABLE_LEGACY_INPUT_MANAGER;CSHARP_7_OR_LATER;CSHARP_7_3_OR_NEWER</DefineConstants>
[C# Project]   028:     <ErrorReport>prompt</ErrorReport>
[C# Project]   029:     <WarningLevel>4</WarningLevel>
[C# Project]   030:     <NoWarn>0169</NoWarn>
[C# Project]   031:     <AllowUnsafeBlocks>False</AllowUnsafeBlocks>
[C# Project] Writing /Users/jcohen11/Downloads/EscapeRoom copy/Assembly-CSharp-Editor.csproj because it has changed
[C# Project] First difference on line 27

[C# Project] Current /Users/jcohen11/Downloads/EscapeRoom copy/Assembly-CSharp-Editor.csproj:
[C# Project]   027:     <DefineConstants>DEBUG;TRACE;UNITY_2020_3_40;UNITY_2020_3;UNITY_2020;UNITY_5_3_OR_NEWER;UNITY_5_4_OR_NEWER;UNITY_5_5_OR_NEWER;UNITY_5_6_OR_NEWER;UNITY_2017_1_OR_NEWER;UNITY_2017_2_OR_NEWER;UNITY_2017_3_OR_NEWER;UNITY_2017_4_OR_NEWER;UNITY_2018_1_OR_NEWER;UNITY_2018_2_OR_NEWER;UNITY_2018_3_OR_NEWER;UNITY_2018_4_OR_NEWER;UNITY_2019_1_OR_NEWER;UNITY_2019_2_OR_NEWER;UNITY_2019_3_OR_NEWER;UNITY_2019_4_OR_NEWER;UNITY_2020_1_OR_NEWER;UNITY_2020_2_OR_NEWER;UNITY_2020_3_OR_NEWER;UNITY_INCLUDE_TESTS;USE_SEARCH_ENGINE_API;SCENE_TEMPLATE_MODULE;ENABLE_AR;ENABLE_AUDIO;ENABLE_CACHING;ENABLE_CLOTH;ENABLE_EVENT_QUEUE;ENABLE_MICROPHONE;ENABLE_MULTIPLE_DISPLAYS;ENABLE_PHYSICS;ENABLE_TEXTURE_STREAMING;ENABLE_UNET;ENABLE_LZMA;ENABLE_UNITYEVENTS;ENABLE_VR;ENABLE_WEBCAM;ENABLE_UNITYWEBREQUEST;ENABLE_WWW;ENABLE_CLOUD_SERVICES;ENABLE_CLOUD_SERVICES_COLLAB;ENABLE_CLOUD_SERVICES_COLLAB_SOFTLOCKS;ENABLE_CLOUD_SERVICES_ADS;ENABLE_CLOUD_SERVICES_USE_WEBREQUEST;ENABLE_CLOUD_SERVICES_CRASH_REPORTING;ENABLE_CLOUD_SERVICES_NATIVE_CRASH_REPORTING;ENABLE_CLOUD_SERVICES_PURCHASING;ENABLE_CLOUD_SERVICES_ANALYTICS;ENABLE_CLOUD_SERVICES_UNET;ENABLE_CLOUD_SERVICES_BUILD;ENABLE_CLOUD_LICENSE;ENABLE_EDITOR_HUB_LICENSE;ENABLE_WEBSOCKET_CLIENT;ENABLE_DIRECTOR_AUDIO;ENABLE_DIRECTOR_TEXTURE;ENABLE_MANAGED_JOBS;ENABLE_MANAGED_TRANSFORM_JOBS;ENABLE_MANAGED_ANIMATION_JOBS;ENABLE_MANAGED_AUDIO_JOBS;ENABLE_RUNTIME_PERMISSIONS;ENABLE_ENGINE_CODE_STRIPPING;ENABLE_ONSCREEN_KEYBOARD;ENABLE_MANAGED_UNITYTLS;INCLUDE_DYNAMIC_GI;ENABLE_MONO_BDWGC;ENABLE_SCRIPTING_GC_WBARRIERS;PLATFORM_SUPPORTS_MONO;ENABLE_VIDEO;PLATFORM_ANDROID;UNITY_ANDROID;UNITY_ANDROID_API;ENABLE_EGL;ENABLE_NETWORK;ENABLE_RUNTIME_GI;ENABLE_CRUNCH_TEXTURE_COMPRESSION;UNITY_CAN_SHOW_SPLASH_SCREEN;UNITY_HAS_GOOGLEVR;UNITY_HAS_TANGO;ENABLE_SPATIALTRACKING;PLATFORM_EXTENDS_VULKAN_DEVICE;PLATFORM_HAS_MULTIPLE_SWAPCHAINS;UNITY_ANDROID_SUPPORTS_SHADOWFILES;ENABLE_UNITYADS_RUNTIME;UNITY_UNITYADS_API;ENABLE_MONO;NET_4_6;ENABLE_PROFILER;UNITY_ASSERTIONS;UNITY_EDITOR;UNITY_EDITOR_64;UNITY_EDITOR_OSX;ENABLE_UNITY_COLLECTIONS_CHECKS;ENABLE_BURST_AOT;UNITY_TEAM_LICENSE;ENABLE_CUSTOM_RENDER_TEXTURE;ENABLE_DIRECTOR;ENABLE_LOCALIZATION;ENABLE_SPRITES;ENABLE_TERRAIN;ENABLE_TILEMAP;ENABLE_TIMELINE;ENABLE_LEGACY_INPUT_MANAGER;CSHARP_7_OR_LATER;CSHARP_7_3_OR_NEWER</DefineConstants>
[C# Project]   028:     <ErrorReport>prompt</ErrorReport>
[C# Project]   029:     <WarningLevel>4</WarningLevel>
[C# Project]   030:     <NoWarn>0169</NoWarn>
[C# Project]   031:     <AllowUnsafeBlocks>False</AllowUnsafeBlocks>

[C# Project] New /Users/jcohen11/Downloads/EscapeRoom copy/Assembly-CSharp-Editor.csproj:
[C# Project]   027:     <DefineConstants>DEBUG;TRACE;UNITY_2020_3_40;UNITY_2020_3;UNITY_2020;UNITY_5_3_OR_NEWER;UNITY_5_4_OR_NEWER;UNITY_5_5_OR_NEWER;UNITY_5_6_OR_NEWER;UNITY_2017_1_OR_NEWER;UNITY_2017_2_OR_NEWER;UNITY_2017_3_OR_NEWER;UNITY_2017_4_OR_NEWER;UNITY_2018_1_OR_NEWER;UNITY_2018_2_OR_NEWER;UNITY_2018_3_OR_NEWER;UNITY_2018_4_OR_NEWER;UNITY_2019_1_OR_NEWER;UNITY_2019_2_OR_NEWER;UNITY_2019_3_OR_NEWER;UNITY_2019_4_OR_NEWER;UNITY_2020_1_OR_NEWER;UNITY_2020_2_OR_NEWER;UNITY_2020_3_OR_NEWER;PLATFORM_ARCH_64;UNITY_64;UNITY_INCLUDE_TESTS;USE_SEARCH_ENGINE_API;SCENE_TEMPLATE_MODULE;ENABLE_AR;ENABLE_AUDIO;ENABLE_CACHING;ENABLE_CLOTH;ENABLE_MICROPHONE;ENABLE_MULTIPLE_DISPLAYS;ENABLE_PHYSICS;ENABLE_TEXTURE_STREAMING;ENABLE_VIRTUALTEXTURING;ENABLE_UNET;ENABLE_LZMA;ENABLE_UNITYEVENTS;ENABLE_VR;ENABLE_WEBCAM;ENABLE_UNITYWEBREQUEST;ENABLE_WWW;ENABLE_CLOUD_SERVICES;ENABLE_CLOUD_SERVICES_COLLAB;ENABLE_CLOUD_SERVICES_COLLAB_SOFTLOCKS;ENABLE_CLOUD_SERVICES_ADS;ENABLE_CLOUD_SERVICES_USE_WEBREQUEST;ENABLE_CLOUD_SERVICES_CRASH_REPORTING;ENABLE_CLOUD_SERVICES_NATIVE_CRASH_REPORTING;ENABLE_CLOUD_SERVICES_PURCHASING;ENABLE_CLOUD_SERVICES_ANALYTICS;ENABLE_CLOUD_SERVICES_UNET;ENABLE_CLOUD_SERVICES_BUILD;ENABLE_CLOUD_LICENSE;ENABLE_EDITOR_HUB_LICENSE;ENABLE_WEBSOCKET_CLIENT;ENABLE_DIRECTOR_AUDIO;ENABLE_DIRECTOR_TEXTURE;ENABLE_MANAGED_JOBS;ENABLE_MANAGED_TRANSFORM_JOBS;ENABLE_MANAGED_ANIMATION_JOBS;ENABLE_MANAGED_AUDIO_JOBS;ENABLE_MANAGED_UNITYTLS;INCLUDE_DYNAMIC_GI;ENABLE_MONO_BDWGC;ENABLE_SCRIPTING_GC_WBARRIERS;PLATFORM_SUPPORTS_MONO;RENDER_SOFTWARE_CURSOR;ENABLE_VIDEO;PLATFORM_STANDALONE;PLATFORM_STANDALONE_OSX;UNITY_STANDALONE_OSX;UNITY_STANDALONE;ENABLE_GAMECENTER;ENABLE_RUNTIME_GI;ENABLE_MOVIES;ENABLE_NETWORK;ENABLE_CRUNCH_TEXTURE_COMPRESSION;ENABLE_CLUSTER_SYNC;ENABLE_CLUSTERINPUT;ENABLE_SPATIALTRACKING;PLATFORM_UPDATES_TIME_OUTSIDE_OF_PLAYER_LOOP;ENABLE_WEBSOCKET_HOST;ENABLE_MONO;NET_4_6;ENABLE_PROFILER;UNITY_ASSERTIONS;UNITY_EDITOR;UNITY_EDITOR_64;UNITY_EDITOR_OSX;ENABLE_UNITY_COLLECTIONS_CHECKS;ENABLE_BURST_AOT;UNITY_TEAM_LICENSE;ENABLE_CUSTOM_RENDER_TEXTURE;ENABLE_DIRECTOR;ENABLE_LOCALIZATION;ENABLE_SPRITES;ENABLE_TERRAIN;ENABLE_TILEMAP;ENABLE_TIMELINE;ENABLE_LEGACY_INPUT_MANAGER;CSHARP_7_OR_LATER;CSHARP_7_3_OR_NEWER</DefineConstants>
[C# Project]   028:     <ErrorReport>prompt</ErrorReport>
[C# Project]   029:     <WarningLevel>4</WarningLevel>
[C# Project]   030:     <NoWarn>0169</NoWarn>
[C# Project]   031:     <AllowUnsafeBlocks>False</AllowUnsafeBlocks>
2022-10-04 16:08:30.020 Unity[57919:2596833] NSEventModifierFlagFunction specified to -setKeyEquivalentModifierMask: for item <NSMenuItem: 0x600000078700 Font Asset, ke='Command-F12'>, but is only supported for system-provided menu items; will not be used
2022-10-04 16:08:30.024 Unity[57919:2596833] NSEventModifierFlagFunction specified to -setKeyEquivalentModifierMask: for item <NSMenuItem: 0x6000000545b0 Font Asset, ke='Command-F12'>, but is only supported for system-provided menu items; will not be used
========================================================================
Worker process is ready to serve import requests
Refreshing native plugins compatible for Editor in 0.90 ms, found 3 plugins.
Preloading 1 native plugins for Editor in 0.34 ms.
Unloading 3640 Unused Serialized files (Serialized files now loaded: 0)
System memory in use before: 302.7 MB.
System memory in use after: 302.6 MB.

Unloading 226 unused Assets to reduce memory usage. Loaded Objects now: 4123.
Total: 3.413416 ms (FindLiveObjects: 0.227167 ms CreateObjectMapping: 0.124166 ms MarkObjects: 2.766500 ms  DeleteObjects: 0.294625 ms)

AssetImportParameters requested are different than current active one (requested -> active):
  custom:video-decoder-ogg-theora: a1e56fd34408186e4bbccfd4996cb3dc -> 
  custom:container-muxer-webm: aa71ff27fc2769a1b78a27578f13a17b -> 
  custom:container-demuxer-webm: 4f35f7cbe854078d1ac9338744f61a02 -> 
  custom:container-demuxer-ogg: 62fdf1f143b41e24485cea50d1cbac27 -> 
  custom:video-encoder-webm-vp8: eb34c28f22e8b96e1ab97ce403110664 -> 
  custom:framework-osx-AVFoundation: e770b220cccbd017edd2c1fefb359320 -> 
  custom:video-decoder-webm-vp8: 9c59270c3fd7afecdb556c50c9e8de78 -> 
  custom:audio-decoder-ogg-vorbis: bf7c407c2cedff20999df2af8eb42d56 -> 
  custom:audio-encoder-webm-vorbis: bf7c407c2cedff20999df2af8eb42d56 -> 
========================================================================
Received Import Request.
  path: Assets/뭘까.aif
  artifactKey: Guid(908e1a5a651e641da809b143c718d215) Importer(815301076,1909f56bfc062723c751e8b465ee728b)
Start importing Assets/뭘까.aif using Guid(908e1a5a651e641da809b143c718d215) Importer(815301076,1909f56bfc062723c751e8b465ee728b)  -> (artifact id: '05c1cc0815b38c68df8aeac361d7a3f4') in 0.847629 seconds 
========================================================================
Received Import Request.
  Time since last request: 433.693680 seconds.
  path: Assets/LookTo.cs
  artifactKey: Guid(94e59e9b362be4b8ca05d86f0c09eef7) Importer(815301076,1909f56bfc062723c751e8b465ee728b)
Start importing Assets/LookTo.cs using Guid(94e59e9b362be4b8ca05d86f0c09eef7) Importer(815301076,1909f56bfc062723c751e8b465ee728b)  -> (artifact id: '68553c13b813e732b19fe3039222c9cc') in 1.218312 seconds 
========================================================================
Received Prepare
Registering precompiled user dll's ...
Registered in 0.001684 seconds.
Begin MonoManager ReloadAssembly
Native extension for OSXStandalone target not found
Refreshing native plugins compatible for Editor in 0.92 ms, found 3 plugins.
Preloading 1 native plugins for Editor in 0.36 ms.
2022-10-04 16:16:47.275 Unity[57919:2596833] NSEventModifierFlagFunction specified to -setKeyEquivalentModifierMask: for item <NSMenuItem: 0x600000001a40 Font Asset, ke='Command-F12'>, but is only supported for system-provided menu items; will not be used
Mono: successfully reloaded assembly
- Completed reload, in  2.283 seconds
Domain Reload Profiling:
	ReloadAssembly (2283ms)
		BeginReloadAssembly (183ms)
			ExecutionOrderSort (0ms)
			DisableScriptedObjects (26ms)
			BackupInstance (0ms)
			ReleaseScriptingObjects (0ms)
			CreateAndSetChildDomain (69ms)
		EndReloadAssembly (2007ms)
			LoadAssemblies (153ms)
			RebuildTransferFunctionScriptingTraits (0ms)
			SetupTypeCache (410ms)
			ReleaseScriptCaches (2ms)
			RebuildScriptCaches (74ms)
			SetupLoadedEditorAssemblies (989ms)
				LogAssemblyErrors (0ms)
				InitializePlatformSupportModulesInManaged (10ms)
				SetLoadedEditorAssemblies (1ms)
				RefreshPlugins (1ms)
				BeforeProcessingInitializeOnLoad (175ms)
				ProcessInitializeOnLoadAttributes (743ms)
				ProcessInitializeOnLoadMethodAttributes (57ms)
				AfterProcessingInitializeOnLoad (1ms)
				EditorAssembliesLoaded (0ms)
			ExecutionOrderSort2 (0ms)
			AwakeInstancesAfterBackupRestoration (17ms)
Platform modules already initialized, skipping
Switching build target platform(2) subTarget(0) extendedPlatform(0) -> platform(13) subTarget(536870918) extendedPlatform(0)
Refreshing native plugins compatible for Editor in 0.83 ms, found 3 plugins.
Preloading 1 native plugins for Editor in 0.32 ms.
Unloading 3483 Unused Serialized files (Serialized files now loaded: 0)
System memory in use before: 286.9 MB.
System memory in use after: 287.1 MB.

Unloading 15 unused Assets to reduce memory usage. Loaded Objects now: 4137.
Total: 2.547959 ms (FindLiveObjects: 0.158125 ms CreateObjectMapping: 0.084000 ms MarkObjects: 2.284042 ms  DeleteObjects: 0.021125 ms)

AssetImportParameters requested are different than current active one (requested -> active):
  custom:video-decoder-ogg-theora: a1e56fd34408186e4bbccfd4996cb3dc -> 
  custom:container-muxer-webm: aa71ff27fc2769a1b78a27578f13a17b -> 
  custom:container-demuxer-webm: 4f35f7cbe854078d1ac9338744f61a02 -> 
  custom:container-demuxer-ogg: 62fdf1f143b41e24485cea50d1cbac27 -> 
  custom:video-encoder-webm-vp8: eb34c28f22e8b96e1ab97ce403110664 -> 
  custom:framework-osx-AVFoundation: e770b220cccbd017edd2c1fefb359320 -> 
  custom:video-decoder-webm-vp8: 9c59270c3fd7afecdb556c50c9e8de78 -> 
  custom:graphics/normal-map-encoding: 01000000000000000000000000000000 -> 02000000000000000000000000000000
  custom:audio-decoder-ogg-vorbis: bf7c407c2cedff20999df2af8eb42d56 -> 
  custom:audio-encoder-webm-vorbis: bf7c407c2cedff20999df2af8eb42d56 -> 
========================================================================
Received Import Request.
  Time since last request: 59.820440 seconds.
  path: Assets/Resources/OVRPlatformToolSettings.asset
  artifactKey: Guid(69c84075a742742318a397377e50d218) Importer(815301076,1909f56bfc062723c751e8b465ee728b)
Start importing Assets/Resources/OVRPlatformToolSettings.asset using Guid(69c84075a742742318a397377e50d218) Importer(815301076,1909f56bfc062723c751e8b465ee728b)  -> (artifact id: '297f4150e640aa7007f3ade5c2ce101f') in 0.551706 seconds 
